0 silly argv {
0 silly argv   _: [ 'run' ],
0 silly argv   stream: true,
0 silly argv   lernaVersion: '4.0.0',
0 silly argv   '$0': 'node_modules\\lerna\\cli.js',
0 silly argv   script: 'start'
0 silly argv }
1 notice cli v4.0.0
2 verbose rootPath C:\Users\mansi\Desktop\React\new-framework\new-framework
3 error JSONError: Unexpected token "<" (0x3C) in JSON at position 1010 while parsing near "...-peasy\": \"^5.0.4\",\r\n<<<<<<< HEAD\r\n======..." in packages\front_end\package.json
3 error
3 error [0m [90m 30 |[39m     [32m"css-loader"[39m[33m:[39m [32m"^6.7.1"[39m[33m,[39m[0m
3 error [0m [90m 31 |[39m     [32m"easy-peasy"[39m[33m:[39m [32m"^5.0.4"[39m[33m,[39m[0m
3 error [0m[31m[1m>[22m[39m[90m 32 |[39m [33m<<[39m[33m<<[39m[33m<<[39m[33m<[39m [33mHEAD[39m[0m
3 error [0m [90m    |[39m [31m[1m^[22m[39m[0m
3 error [0m [90m 33 |[39m [33m===[39m[33m===[39m[33m=[39m[0m
3 error [0m [90m 34 |[39m     [32m"font-awesome"[39m[33m:[39m [32m"^4.7.0"[39m[33m,[39m[0m
3 error [0m [90m 35 |[39m [33m>>>[39m[33m>>>[39m[33m>[39m origin[33m/[39mtestServer[0m
3 error
3 error     at parseJson (C:\Users\mansi\Desktop\React\new-framework\new-framework\node_modules\parse-json\index.js:29:21)
3 error     at parse (C:\Users\mansi\Desktop\React\new-framework\new-framework\node_modules\load-json-file\index.js:15:9)
3 error     at module.exports (C:\Users\mansi\Desktop\React\new-framework\new-framework\node_modules\load-json-file\index.js:18:47)
