Arguments: 
  C:\Program Files\nodejs\node.exe C:\Users\Dell\AppData\Roaming\npm\node_modules\yarn\bin\yarn.js

PATH: 
  C:\Users\Dell\bin;C:\Program Files\Git\mingw64\bin;C:\Program Files\Git\usr\local\bin;C:\Program Files\Git\usr\bin;C:\Program Files\Git\usr\bin;C:\Program Files\Git\mingw64\bin;C:\Program Files\Git\usr\bin;C:\Users\Dell\bin;C:\Python310\Scripts;C:\Python310;C:\Windows\system32;C:\Windows;C:\Windows\System32\Wbem;C:\Windows\System32\WindowsPowerShell\v1.0;C:\Windows\System32\OpenSSH;C:\Program Files\Git\cmd;C:\Program Files\nodejs;C:\ProgramData\chocolatey\bin;C:\Program Files (x86)\ZeroTier\One;C:\Users\Dell\AppData\Local\Microsoft\WindowsApps;C:\Users\Dell\AppData\Local\Programs\Microsoft VS Code\bin;C:\Users\Dell\AppData\Roaming\npm;C:\Program Files\Git\usr\bin\vendor_perl;C:\Program Files\Git\usr\bin\core_perl

Yarn version: 
  1.22.19

Node version: 
  16.15.1

Platform: 
  win32 x64

Trace: 
  Error: https://registry.yarnpkg.com/@mui/icons-material/-/icons-material-5.10.9.tgz: ESOCKETTIMEDOUT
      at ClientRequest.<anonymous> (C:\Users\Dell\AppData\Roaming\npm\node_modules\yarn\lib\cli.js:141517:19)
      at Object.onceWrapper (node:events:641:28)
      at ClientRequest.emit (node:events:527:28)
      at TLSSocket.emitRequestTimeout (node:_http_client:771:9)
      at Object.onceWrapper (node:events:641:28)
      at TLSSocket.emit (node:events:539:35)
      at TLSSocket.Socket._onTimeout (node:net:516:8)
      at listOnTimeout (node:internal/timers:559:17)
      at processTimers (node:internal/timers:502:7)

npm manifest: 
  {
    "name": "root",
    "private": true,
    "useWorkspaces": true,
    "workspaces": [
      "packages/*"
    ],
    "devDependencies": {
      "lerna": "^4.0.0"
    },
    "scripts": {
      "start": "lerna run start --stream",
      "build": "lerna run build",
      "prettier": "lerna run prettier",
      "lint": "lerna run lint",
      "copy": "lerna run copy --stream"
    },
    "description": "To make it easy for you to get started with GitLab, here's a list of recommended next steps.",
    "version": "1.0.0",
    "main": "index.js",
    "repository": {
      "type": "git",
      "url": "git+https://gitlab.com/am-daily-services/new-framework.git"
    },
    "author": "",
    "license": "ISC",
    "bugs": {
      "url": "https://gitlab.com/am-daily-services/new-framework/issues"
    },
    "homepage": "https://gitlab.com/am-daily-services/new-framework#readme",
    "dependencies": {
      "@emotion/react": "^11.9.0",
      "@emotion/styled": "^11.8.1",
      "moment": "^2.29.3",
      "react-bootstrap": "^2.3.1"
    }
  }

yarn manifest: 
  No manifest

Lockfile: 
  No lockfile
